<?xml version="1.0" encoding="UTF-8"?>
<testsuite xmlns:xsi="http://www.w3.org/2001/XMLSchema-instance" xsi:noNamespaceSchemaLocation="https://maven.apache.org/surefire/maven-surefire-plugin/xsd/surefire-test-report-3.0.xsd" version="3.0" name="com.adorablecat.catbooks.auth.CatBooksAuthApplicationTests" time="1.702" tests="1" errors="0" skipped="0" failures="0">
  <properties>
[...]
</properties>
  <testcase name="contextLoads" classname="com.adorablecat.catbooks.auth.CatBooksAuthApplicationTests" time="0.354">
    <system-out><![CDATA[18:19:26.706 [main] DEBUG org.springframework.boot.test.context.SpringBootTestContextBootstrapper - Neither @ContextConfiguration nor @ContextHierarchy found for test class [CatBooksAuthApplicationTests]: using SpringBootContextLoader
18:19:26.709 [main] DEBUG org.springframework.test.context.support.AbstractContextLoader - Could not detect default resource locations for test class [com.adorablecat.catbooks.auth.CatBooksAuthApplicationTests]: no resource found for suffixes {-context.xml, Context.groovy}.
18:19:26.709 [main] INFO org.springframework.test.context.support.AnnotationConfigContextLoaderUtils - Could not detect default configuration classes for test class [com.adorablecat.catbooks.auth.CatBooksAuthApplicationTests]: CatBooksAuthApplicationTests does not declare any static, non-private, non-final, nested classes annotated with @Configuration.
18:19:26.727 [main] DEBUG org.springframework.boot.test.context.SpringBootTestContextBootstrapper - Using ContextCustomizers for test class [CatBooksAuthApplicationTests]: [ExcludeFilterContextCustomizer, DuplicateJsonObjectContextCustomizer, MockitoContextCustomizer, TestRestTemplateContextCustomizer, DisableObservabilityContextCustomizer, PropertyMappingContextCustomizer, Customizer]
18:19:26.782 [main] DEBUG org.springframework.context.annotation.ClassPathScanningCandidateComponentProvider - Identified candidate component class: file [D:\project\cat-books\cat-books-auth\target\classes\com\adorablecat\catbooks\auth\CatBooksAuthApplication.class]
18:19:26.783 [main] INFO org.springframework.boot.test.context.SpringBootTestContextBootstrapper - Found @SpringBootConfiguration com.adorablecat.catbooks.auth.CatBooksAuthApplication for test class com.adorablecat.catbooks.auth.CatBooksAuthApplicationTests
18:19:26.873 [main] DEBUG org.springframework.test.context.util.TestContextSpringFactoriesUtils - Skipping candidate TestExecutionListener [org.springframework.test.context.transaction.TransactionalTestExecutionListener] due to a missing dependency. Specify custom TestExecutionListener classes or make the default TestExecutionListener classes and their required dependencies available. Offending class: [org/springframework/transaction/TransactionDefinition]
18:19:26.874 [main] DEBUG org.springframework.test.context.util.TestContextSpringFactoriesUtils - Skipping candidate TestExecutionListener [org.springframework.test.context.jdbc.SqlScriptsTestExecutionListener] due to a missing dependency. Specify custom TestExecutionListener classes or make the default TestExecutionListener classes and their required dependencies available. Offending class: [org/springframework/transaction/interceptor/TransactionAttribute]
18:19:26.876 [main] DEBUG org.springframework.boot.test.context.SpringBootTestContextBootstrapper - Using TestExecutionListeners for test class [CatBooksAuthApplicationTests]: [ServletTestExecutionListener, DirtiesContextBeforeModesTestExecutionListener, ApplicationEventsTestExecutionListener, MockitoTestExecutionListener, DependencyInjectionTestExecutionListener, DirtiesContextTestExecutionListener, EventPublishingTestExecutionListener, ResetMocksTestExecutionListener, RestDocsTestExecutionListener, MockRestServiceServerResetTestExecutionListener, MockMvcPrintOnlyOnFailureTestExecutionListener, WebDriverTestExecutionListener, MockWebServiceServerTestExecutionListener]
18:19:26.877 [main] DEBUG org.springframework.test.context.support.AbstractDirtiesContextTestExecutionListener - Before test class: class [CatBooksAuthApplicationTests], class annotated with @DirtiesContext [false] with mode [null]

  .   ____          _            __ _ _
 /\\ / ___'_ __ _ _(_)_ __  __ _ \ \ \ \
( ( )\___ | '_ | '_| | '_ \/ _` | \ \ \ \
 \\/  ___)| |_)| | | | | || (_| |  ) ) ) )
  '  |____| .__|_| |_|_| |_\__, | / / / /
 =========|_|==============|___/=/_/_/_/
 :: Spring Boot ::                (v3.0.2)

2025-08-19T18:19:27.097+08:00  INFO 16576 --- [           main] c.a.c.auth.CatBooksAuthApplicationTests  : Starting CatBooksAuthApplicationTests using Java 17.0.15 with PID 16576 (started by Administrator in D:\project\cat-books\cat-books-auth)
2025-08-19T18:19:27.099+08:00  INFO 16576 --- [           main] c.a.c.auth.CatBooksAuthApplicationTests  : No active profile set, falling back to 1 default profile: "default"
2025-08-19T18:19:27.916+08:00  INFO 16576 --- [           main] c.a.c.auth.CatBooksAuthApplicationTests  : Started CatBooksAuthApplicationTests in 1.004 seconds (process running for 1.698)
]]></system-out>
  </testcase>
</testsuite>